<?xml version="1.0" encoding="UTF-8"?>
<!-- Generated by org.testng.reporters.JUnitReportReporter -->
<testsuite skipped="0" hostname="BE1DA774" name="com.mycompany.app.AppTest" tests="2" failures="0" timestamp="2020-04-03T10:44:27 MESZ" time="0.009" errors="0">
  <testcase name="testAppMain" time="0.002" classname="com.mycompany.app.AppTest"/>
  <system-out/>
  <testcase name="testAppConstructor" time="0.007" classname="com.mycompany.app.AppTest"/>
  <system-out/>
</testsuite> <!-- com.mycompany.app.AppTest -->
